old-version/bleAndroidApp-221006/app/build/intermediates/manifest_merge_blame_file/debug/manifest-merger-blame-debug-report.txt
1<?xml version="1.0" encoding="utf-8"?>
2<manifest xmlns:android="http://schemas.android.com/apk/res/android"
3    package="com.example.myapplication"
4    android:versionCode="1"
5    android:versionName="1.0" >
6
7    <uses-sdk
8        android:minSdkVersion="22"
8-->src/main/AndroidManifest.xml
9        android:targetSdkVersion="32" />
9-->src/main/AndroidManifest.xml
10
11    <uses-permission android:name="android.permission.INTERNET" />
11-->src/main/AndroidManifest.xml:5:5-67
11-->src/main/AndroidManifest.xml:5:22-64
12    <uses-permission android:name="android.permission.BLUETOOTH" />
12-->src/main/AndroidManifest.xml:6:5-68
12-->src/main/AndroidManifest.xml:6:22-65
13    <uses-permission android:name="android.permission.BLUETOOTH_ADMIN" />
13-->src/main/AndroidManifest.xml:7:5-74
13-->src/main/AndroidManifest.xml:7:22-71
14    <uses-permission android:name="android.permission.BLUETOOTH_CONNECT" />
14-->src/main/AndroidManifest.xml:8:5-76
14-->src/main/AndroidManifest.xml:8:22-73
15    <uses-permission
15-->src/main/AndroidManifest.xml:9:5-11:58
16        android:name="android.permission.BLUETOOTH_SCAN"
16-->src/main/AndroidManifest.xml:10:9-57
17        android:usesPermissionFlags="neverForLocation" />
17-->src/main/AndroidManifest.xml:11:9-55
18    <uses-permission android:name="android.permission.BLUETOOTH_ADVERTISE" />
18-->src/main/AndroidManifest.xml:12:5-78
18-->src/main/AndroidManifest.xml:12:22-75
19
20    <uses-feature
20-->src/main/AndroidManifest.xml:14:5-16:35
21        android:name="android.hardware.bluetooth"
21-->src/main/AndroidManifest.xml:15:9-50
22        android:required="true" />
22-->src/main/AndroidManifest.xml:16:9-32
23    <uses-feature
23-->src/main/AndroidManifest.xml:17:5-19:35
24        android:name="android.hardware.bluetooth_le"
24-->src/main/AndroidManifest.xml:18:9-53
25        android:required="true" />
25-->src/main/AndroidManifest.xml:19:9-32
26
27    <uses-permission android:name="android.permission.ACCESS_FINE_LOCATION" />
27-->src/main/AndroidManifest.xml:21:5-79
27-->src/main/AndroidManifest.xml:21:22-76
28    <uses-permission android:name="android.permission.ACCESS_COARSE_LOCATION" />
28-->src/main/AndroidManifest.xml:22:5-81
28-->src/main/AndroidManifest.xml:22:22-78
29    <uses-permission android:name="android.permission.FOREGROUND_SERVICE" />
29-->src/main/AndroidManifest.xml:23:5-77
29-->src/main/AndroidManifest.xml:23:22-74
30    <uses-permission android:name="android.permission.VIBRATE" />
30-->src/main/AndroidManifest.xml:24:5-67
30-->src/main/AndroidManifest.xml:24:22-65
31
32    <!-- uses-permission android:name="android.permission.LOCAL_MAC_ADDRESS" / -->
33    <application
33-->src/main/AndroidManifest.xml:27:5-86:19
34        android:allowBackup="true"
34-->src/main/AndroidManifest.xml:28:9-35
35        android:appComponentFactory="androidx.core.app.CoreComponentFactory"
35-->[androidx.core:core:1.7.0] AndroidManifest.xml:24:18-86
36        android:debuggable="true"
37        android:icon="@mipmap/ic_launcher"
37-->src/main/AndroidManifest.xml:29:9-43
38        android:label="@string/app_name"
38-->src/main/AndroidManifest.xml:30:9-41
39        android:roundIcon="@mipmap/ic_launcher_round"
39-->src/main/AndroidManifest.xml:31:9-54
40        android:supportsRtl="true"
40-->src/main/AndroidManifest.xml:32:9-35
41        android:testOnly="true"
42        android:theme="@style/Theme.MyApplication"
42-->src/main/AndroidManifest.xml:33:9-51
43        android:usesCleartextTraffic="true" >
43-->src/main/AndroidManifest.xml:34:9-44
44        <activity
44-->src/main/AndroidManifest.xml:35:9-38:53
45            android:name="com.example.myapplication.ExampleActivities.Peripheral"
45-->src/main/AndroidManifest.xml:36:13-57
46            android:exported="false"
46-->src/main/AndroidManifest.xml:37:13-37
47            android:screenOrientation="landscape" />
47-->src/main/AndroidManifest.xml:38:13-50
48        <activity
48-->src/main/AndroidManifest.xml:39:9-43:56
49            android:name="com.example.myapplication.ExampleActivities.BLEScanActivity"
49-->src/main/AndroidManifest.xml:40:13-62
50            android:configChanges="keyboardHidden|orientation|screenSize"
50-->src/main/AndroidManifest.xml:41:13-74
51            android:exported="true"
51-->src/main/AndroidManifest.xml:42:13-36
52            android:windowSoftInputMode="stateHidden" />
52-->src/main/AndroidManifest.xml:43:13-54
53        <activity
53-->src/main/AndroidManifest.xml:44:9-46:40
54            android:name="com.example.myapplication.ExampleActivities.BluetoothActivity"
54-->src/main/AndroidManifest.xml:45:13-64
55            android:exported="false" />
55-->src/main/AndroidManifest.xml:46:13-37
56        <activity
56-->src/main/AndroidManifest.xml:47:9-57:20
57            android:name="com.example.myapplication.WarningActivity"
57-->src/main/AndroidManifest.xml:48:13-44
58            android:exported="true"
58-->src/main/AndroidManifest.xml:50:13-36
59            android:label="주변 작업자"
59-->src/main/AndroidManifest.xml:49:13-35
60            android:screenOrientation="landscape" >
60-->src/main/AndroidManifest.xml:51:13-50
61            <intent-filter>
61-->src/main/AndroidManifest.xml:52:13-56:29
62                <action android:name="android.intent.action.MAIN" />
62-->src/main/AndroidManifest.xml:53:17-69
62-->src/main/AndroidManifest.xml:53:25-66
63
64                <category android:name="android.intent.category.LAUNCHER" />
64-->src/main/AndroidManifest.xml:55:17-77
64-->src/main/AndroidManifest.xml:55:27-74
65            </intent-filter>
66        </activity>
67        <activity
67-->src/main/AndroidManifest.xml:58:9-62:53
68            android:name="com.example.myapplication.SettingActivity"
68-->src/main/AndroidManifest.xml:59:13-44
69            android:exported="false"
69-->src/main/AndroidManifest.xml:61:13-37
70            android:label="앵커 세팅"
70-->src/main/AndroidManifest.xml:60:13-34
71            android:screenOrientation="landscape" />
71-->src/main/AndroidManifest.xml:62:13-50
72        <activity
72-->src/main/AndroidManifest.xml:63:9-65:40
73            android:name="com.example.myapplication.ExampleActivities.TCPActivity"
73-->src/main/AndroidManifest.xml:64:13-58
74            android:exported="false" />
74-->src/main/AndroidManifest.xml:65:13-37
75        <activity
75-->src/main/AndroidManifest.xml:66:9-68:40
76            android:name="com.example.myapplication.ExampleActivities.GetHttpActivity"
76-->src/main/AndroidManifest.xml:67:13-62
77            android:exported="false" />
77-->src/main/AndroidManifest.xml:68:13-37
78        <activity
78-->src/main/AndroidManifest.xml:69:9-77:20
79            android:name="com.example.myapplication.MainActivity"
79-->src/main/AndroidManifest.xml:70:13-41
80            android:exported="true" >
80-->src/main/AndroidManifest.xml:71:13-36
81
82            <!--
83            intent-filter>
84                <action android:name="android.intent.action.MAIN" />
85
86                <category android:name="android.intent.category.LAUNCHER" />
87            </intent-filter!
88            -->
89        </activity>
90        <activity android:name="com.example.myapplication.ExampleActivities.DeviceListActivity" />
90-->src/main/AndroidManifest.xml:78:9-74
90-->src/main/AndroidManifest.xml:78:19-71
91        <activity
91-->src/main/AndroidManifest.xml:79:9-81:40
92            android:name="com.example.myapplication.ExampleActivities.GattServerActivity"
92-->src/main/AndroidManifest.xml:80:13-65
93            android:exported="false" />
93-->src/main/AndroidManifest.xml:81:13-37
94
95        <service
95-->src/main/AndroidManifest.xml:83:9-85:38
96            android:name="com.example.myapplication.Services.UartService"
96-->src/main/AndroidManifest.xml:84:13-49
97            android:enabled="true" />
97-->src/main/AndroidManifest.xml:85:13-35
98
99        <provider
99-->[androidx.emoji2:emoji2:1.0.0] AndroidManifest.xml:26:9-34:20
100            android:name="androidx.startup.InitializationProvider"
100-->[androidx.emoji2:emoji2:1.0.0] AndroidManifest.xml:27:13-67
101            android:authorities="com.example.myapplication.androidx-startup"
101-->[androidx.emoji2:emoji2:1.0.0] AndroidManifest.xml:28:13-68
102            android:exported="false" >
102-->[androidx.emoji2:emoji2:1.0.0] AndroidManifest.xml:29:13-37
103            <meta-data
103-->[androidx.emoji2:emoji2:1.0.0] AndroidManifest.xml:31:13-33:52
104                android:name="androidx.emoji2.text.EmojiCompatInitializer"
104-->[androidx.emoji2:emoji2:1.0.0] AndroidManifest.xml:32:17-75
105                android:value="androidx.startup" />
105-->[androidx.emoji2:emoji2:1.0.0] AndroidManifest.xml:33:17-49
106            <meta-data
106-->[androidx.lifecycle:lifecycle-process:2.4.0] AndroidManifest.xml:31:13-33:52
107                android:name="androidx.lifecycle.ProcessLifecycleInitializer"
107-->[androidx.lifecycle:lifecycle-process:2.4.0] AndroidManifest.xml:32:17-78
108                android:value="androidx.startup" />
108-->[androidx.lifecycle:lifecycle-process:2.4.0] AndroidManifest.xml:33:17-49
109        </provider>
110    </application>
111
112</manifest>